C51 COMPILER V9.59.0.0   PUBLIC                                                            12/25/2019 12:50:40 PAGE 1   


C51 COMPILER V9.59.0.0, COMPILATION OF MODULE PUBLIC
OBJECT MODULE PLACED IN .\Output\public.obj
COMPILER INVOKED BY: C:\Usertemp\UV4\C51\BIN\C51.EXE Public\public.c LARGE OPTIMIZE(8,SPEED) BROWSE INCDIR(.\APP\ds18b20
                    -;.\APP\tftlcd;.\APP\touch;.\GUI;.\Public;.\User;.\APP\adc;.\APP\ds1302;.\APP\time) DEBUG OBJECTEXTEND PRINT(.\public.lst
                    -) TABS(2) OBJECT(.\Output\public.obj)

line level    source

   1          #include "public.h"
   2          
   3          
   4          
   5          
   6          void delay_10us(u16 us)
   7          {
   8   1        while(us--);
   9   1      }
  10          
  11          void delay_us(u16 n)                  
  12          {
  13   1          while (n--)                        //DJNZ  4
  14   1          {
  15   2              _nop_();                       //NOP  1+1=12
  16   2      //        _nop_();   
  17   2      //        _nop_();                       //NOP  1+1=12
  18   2      //        _nop_();   
  19   2      //        _nop_();                       //NOP  1+1=12
  20   2      //        _nop_();        
  21   2          }
  22   1      }
  23          
  24          void delay_ms(u16 ms)
  25          {
  26   1        u16 i,j;
  27   1        for(i=ms;i>0;i--)
  28   1          for(j=110;j>0;j--);
  29   1      }
  30          


MODULE INFORMATION:   STATIC OVERLAYABLE
   CODE SIZE        =     55    ----
   CONSTANT SIZE    =   ----    ----
   XDATA SIZE       =   ----    ----
   PDATA SIZE       =   ----    ----
   DATA SIZE        =   ----    ----
   IDATA SIZE       =   ----    ----
   BIT SIZE         =   ----    ----
END OF MODULE INFORMATION.


C51 COMPILATION COMPLETE.  0 WARNING(S),  0 ERROR(S)
