C51 COMPILER V9.59.0.0   UART                                                              12/25/2019 12:50:40 PAGE 1   


C51 COMPILER V9.59.0.0, COMPILATION OF MODULE UART
OBJECT MODULE PLACED IN .\Output\uart.obj
COMPILER INVOKED BY: C:\Usertemp\UV4\C51\BIN\C51.EXE Public\uart.c LARGE OPTIMIZE(8,SPEED) BROWSE INCDIR(.\APP\ds18b20;.
                    -\APP\tftlcd;.\APP\touch;.\GUI;.\Public;.\User;.\APP\adc;.\APP\ds1302;.\APP\time) DEBUG OBJECTEXTEND PRINT(.\uart.lst) TA
                    -BS(2) OBJECT(.\Output\uart.obj)

line level    source

   1          #include "uart.h"
   2          
   3          #define RELOAD_COUNT 0xFA //宏定义波特率发生器的载入值 9600
   4          
   5          void UART_Init(void)
   6          {
   7   1        SCON|=0X50;     //设置为工作方式1
   8   1        TMOD|=0X20;     //设置计数器工作方式2
   9   1        PCON=0X80;      //波特率加倍
  10   1        TH1=RELOAD_COUNT; //计数器初始值设置
  11   1        TL1=TH1;
  12   1        //ES=1;       //关闭接收中断
  13   1        EA=1;       //打开总中断
  14   1        TR1=1;        //打开计数器
  15   1        TI=1;          //发送中断标记位，如果使用printf函数的必须设置 
  16   1      }
  17          
  18          void UART_Cmd(FunctionalState ensta)
  19          {
  20   1        ES=ensta;
  21   1        RI=0; 
  22   1      }
  23          
  24          void UART_SendData(u8 dat)
  25          {
  26   1        ES=0; //关闭串口中断
  27   1        TI=0; //清发送完毕中断请求标志位
  28   1        SBUF=dat; //发送
  29   1        while(TI==0); //等待发送完毕
  30   1        TI=0; //清发送完毕中断请求标志位
  31   1        ES=1; //允许串口中断
  32   1      }
  33          
  34          void UART_SendString(u8 *pbuf)
  35          {
  36   1        while(*pbuf!='\0') //遇到空格跳出循环 
  37   1        {
  38   2          UART_SendData(*pbuf);
  39   2          delay_10us(5);
  40   2          pbuf++; 
  41   2        }
  42   1      }
  43          
  44          u8 UART_RX_BUF[UART_REC_LEN];     //接收缓冲,最大UART_REC_LEN个字节.
  45          //接收状态
  46          //bit15， 接收完成标志
  47          //bit14， 接收到0x0d
  48          //bit13~0， 接收到的有效字节数目
  49          u16 UART_RX_STA=0;       //接收状态标记 
  50          
  51          
  52          void UART_IRQn() interrupt 4
  53          {
C51 COMPILER V9.59.0.0   UART                                                              12/25/2019 12:50:40 PAGE 2   

  54   1        u8 r;
  55   1        
  56   1        if(RI)
  57   1        {
  58   2          RI=0;
  59   2          r=SBUF;//读取接收到的数据
  60   2          if((UART_RX_STA&0x8000)==0)//接收未完成
  61   2          {
  62   3            if(UART_RX_STA&0x4000)//接收到了0x0d
  63   3            {
  64   4              if(r!=0x0a)UART_RX_STA=0;//接收错误,重新开始
  65   4              else UART_RX_STA|=0x8000; //接收完成了 
  66   4            }
  67   3            else //还没收到0X0D
  68   3            { 
  69   4              if(r==0x0d)UART_RX_STA|=0x4000;
  70   4              else
  71   4              {
  72   5                UART_RX_BUF[UART_RX_STA&0X3FFF]=r ;
  73   5                UART_RX_STA++;
  74   5                if(UART_RX_STA>(UART_REC_LEN-1))UART_RX_STA=0;//接收数据错误,重新开始接收   
  75   5              }    
  76   4            }
  77   3          }       
  78   2        } 
  79   1      }
  80          


MODULE INFORMATION:   STATIC OVERLAYABLE
   CODE SIZE        =    227    ----
   CONSTANT SIZE    =   ----    ----
   XDATA SIZE       =     52       3
   PDATA SIZE       =   ----    ----
   DATA SIZE        =   ----    ----
   IDATA SIZE       =   ----    ----
   BIT SIZE         =   ----    ----
END OF MODULE INFORMATION.


C51 COMPILATION COMPLETE.  0 WARNING(S),  0 ERROR(S)
